<?xml version="1.0" encoding="UTF-8"?>
<!-- Generated by org.testng.reporters.JUnitReportReporter -->
<testsuite hostname="DESKTOP-9OMD29T" failures="0" tests="1" name="com.beforeannotation.Navigate" time="14.877" errors="0" timestamp="2022-07-09T11:19:15 IST" skipped="0">
  <testcase classname="com.beforeannotation.Navigate" name="fear" time="14.877"/>
  <system-out/>
</testsuite> <!-- com.beforeannotation.Navigate -->
