<?xml version="1.0" encoding="UTF-8"?>
<!-- Generated by org.testng.reporters.JUnitReportReporter -->
<testsuite hostname="DESKTOP-9OMD29T" failures="0" tests="2" name="com.annotation.TestAnnotationBeforeMethod" time="0.015" errors="0" timestamp="2022-06-02T12:40:09 IST" skipped="0">
  <testcase classname="com.annotation.TestAnnotationBeforeMethod" name="testMethodTwo" time="0.002"/>
  <system-out/>
  <testcase classname="com.annotation.TestAnnotationBeforeMethod" name="testMethodOne" time="0.013"/>
  <system-out/>
</testsuite> <!-- com.annotation.TestAnnotationBeforeMethod -->
