<?xml version="1.0" encoding="UTF-8"?>
<!-- Generated by org.testng.reporters.JUnitReportReporter -->
<testsuite hostname="DESKTOP-9OMD29T" failures="0" tests="2" name="com.beforemethodannotation.TestAnnotationBeforeMethod" time="0.010" errors="0" timestamp="2022-06-02T13:06:33 IST" skipped="0">
  <testcase classname="com.beforemethodannotation.TestAnnotationBeforeMethod" name="testMethodTwo" time="0.003"/>
  <system-out/>
  <testcase classname="com.beforemethodannotation.TestAnnotationBeforeMethod" name="beforeMethod" time="0.007"/>
  <system-out/>
</testsuite> <!-- com.beforemethodannotation.TestAnnotationBeforeMethod -->
