<?xml version="1.0" encoding="UTF-8"?>
<!-- Generated by org.testng.reporters.JUnitReportReporter -->
<testsuite hostname="edulab3" failures="0" tests="2" name="com.beforeannotation.TestAnnotationBeforeMethod" time="0.000" errors="0" timestamp="2023-06-10T12:41:59 IST" skipped="0">
  <testcase classname="com.beforeannotation.TestAnnotationBeforeMethod" name="testMethodTwo" time="0.000"/>
  <system-out/>
  <testcase classname="com.beforeannotation.TestAnnotationBeforeMethod" name="testMethodOne" time="0.000"/>
  <system-out/>
</testsuite> <!-- com.beforeannotation.TestAnnotationBeforeMethod -->
