<?xml version="1.0" encoding="UTF-8"?>
<!-- Generated by org.testng.reporters.JUnitReportReporter -->
<testsuite hostname="edulab3" failures="0" tests="2" name="com.beforeannotation.TestAnnotationBeforeTest" time="0.014" errors="0" timestamp="2023-06-10T12:41:59 IST" skipped="0">
  <testcase classname="com.beforeannotation.TestAnnotationBeforeTest" name="testMethodTwo" time="0.003"/>
  <system-out/>
  <testcase classname="com.beforeannotation.TestAnnotationBeforeTest" name="beforeMethod" time="0.011"/>
  <system-out/>
</testsuite> <!-- com.beforeannotation.TestAnnotationBeforeTest -->
